<?xml version="1.0" encoding="UTF-8"?>
<!-- Generated by org.testng.reporters.JUnitReportReporter -->
<testsuite hostname="LAPTOP-UPRJBTHG" failures="0" tests="1" name="Practice_Maven.Intro" time="0.012" errors="0" timestamp="2023-01-19T15:23:07 IST" skipped="0">
  <testcase classname="Practice_Maven.Intro" name="introduce" time="0.012"/>
  <system-out/>
</testsuite> <!-- Practice_Maven.Intro -->
