<?xml version="1.0" encoding="UTF-8"?>
<!-- Generated by org.testng.reporters.JUnitReportReporter -->
<testsuite hostname="LAPTOP-UPRJBTHG" failures="0" tests="1" name="Practice_Maven.CreateTest" time="0.006" errors="0" timestamp="2023-01-18T11:03:14 IST" skipped="0">
  <testcase classname="Practice_Maven.CreateTest" name="Update" time="0.006"/>
  <system-out/>
</testsuite> <!-- Practice_Maven.CreateTest -->
