<?xml version="1.0" encoding="UTF-8"?>
<!-- Generated by org.testng.reporters.JUnitReportReporter -->
<testsuite hostname="LAPTOP-UPRJBTHG" failures="0" tests="1" name="Practice_Maven.Login" time="0.008" errors="0" timestamp="2023-01-18T12:59:09 IST" skipped="0">
  <testcase classname="Practice_Maven.Login" name="loginapplication" time="0.008"/>
  <system-out/>
</testsuite> <!-- Practice_Maven.Login -->
